<?xml version="1.0" encoding="UTF-8"?>
<testng-results skipped="0" failed="0" ignored="0" total="2" passed="2">
  <reporter-output>
  </reporter-output>
  <suite name="Default suite" duration-ms="24478" started-at="2021-07-18T08:04:42Z" finished-at="2021-07-18T08:05:07Z">
    <groups>
    </groups>
    <test name="Default test" duration-ms="24478" started-at="2021-07-18T08:04:42Z" finished-at="2021-07-18T08:05:07Z">
      <class name="com.qa.practice.SimpleAzurePipelineTest.SimpleBrowserTest">
        <test-method status="PASS" signature="setUpTest()[pri:0, instance:com.qa.practice.SimpleAzurePipelineTest.SimpleBrowserTest@185d8b6]" name="setUpTest" is-config="true" duration-ms="6615" started-at="2021-07-18T08:04:42Z" finished-at="2021-07-18T08:04:49Z">
          <reporter-output>
          </reporter-output>
        </test-method> <!-- setUpTest -->
        <test-method status="PASS" signature="googleNewsTest()[pri:0, instance:com.qa.practice.SimpleAzurePipelineTest.SimpleBrowserTest@185d8b6]" name="googleNewsTest" duration-ms="9306" started-at="2021-07-18T08:04:49Z" finished-at="2021-07-18T08:04:58Z">
          <reporter-output>
          </reporter-output>
        </test-method> <!-- googleNewsTest -->
        <test-method status="PASS" signature="tearDownTest()[pri:0, instance:com.qa.practice.SimpleAzurePipelineTest.SimpleBrowserTest@185d8b6]" name="tearDownTest" is-config="true" duration-ms="1148" started-at="2021-07-18T08:04:58Z" finished-at="2021-07-18T08:04:59Z">
          <reporter-output>
          </reporter-output>
        </test-method> <!-- tearDownTest -->
        <test-method status="PASS" signature="setUpTest()[pri:0, instance:com.qa.practice.SimpleAzurePipelineTest.SimpleBrowserTest@185d8b6]" name="setUpTest" is-config="true" duration-ms="2781" started-at="2021-07-18T08:04:59Z" finished-at="2021-07-18T08:05:02Z">
          <reporter-output>
          </reporter-output>
        </test-method> <!-- setUpTest -->
        <test-method status="PASS" signature="googleTest()[pri:0, instance:com.qa.practice.SimpleAzurePipelineTest.SimpleBrowserTest@185d8b6]" name="googleTest" duration-ms="3738" started-at="2021-07-18T08:05:02Z" finished-at="2021-07-18T08:05:06Z">
          <reporter-output>
          </reporter-output>
        </test-method> <!-- googleTest -->
        <test-method status="PASS" signature="tearDownTest()[pri:0, instance:com.qa.practice.SimpleAzurePipelineTest.SimpleBrowserTest@185d8b6]" name="tearDownTest" is-config="true" duration-ms="822" started-at="2021-07-18T08:05:06Z" finished-at="2021-07-18T08:05:07Z">
          <reporter-output>
          </reporter-output>
        </test-method> <!-- tearDownTest -->
      </class> <!-- com.qa.practice.SimpleAzurePipelineTest.SimpleBrowserTest -->
    </test> <!-- Default test -->
  </suite> <!-- Default suite -->
</testng-results>
