<?xml version="1.0" encoding="UTF-8"?>
<!-- Generated by org.testng.reporters.JUnitXMLReporter -->
<testsuite hostname="pc" ignored="0" name="Default test" tests="2" failures="0" timestamp="18 Jul 2021 08:05:07 GMT" time="24.478" errors="0">
  <testcase name="googleNewsTest" time="9.306" classname="com.qa.practice.SimpleAzurePipelineTest.SimpleBrowserTest"/>
  <testcase name="googleTest" time="3.738" classname="com.qa.practice.SimpleAzurePipelineTest.SimpleBrowserTest"/>
</testsuite> <!-- Default test -->
